<?xml version="1.0" encoding="UTF-8" ?>
<testsuite tests="7" failures="1" name="ch.pschatzmann.news.test.TestDocumentStore" time="1.264" errors="0" skipped="0">
  <properties>
[...]
</properties>
  <testcase classname="ch.pschatzmann.news.test.TestDocumentStore" name="testSave1" time="0.372"/>
  <testcase classname="ch.pschatzmann.news.test.TestDocumentStore" name="testSave" time="0.115"/>
  <testcase classname="ch.pschatzmann.news.test.TestDocumentStore" name="testContains" time="0.02"/>
  <testcase classname="ch.pschatzmann.news.test.TestDocumentStore" name="testContains1" time="0.019"/>
  <testcase classname="ch.pschatzmann.news.test.TestDocumentStore" name="testSearch1" time="0.025"/>
  <testcase classname="ch.pschatzmann.news.test.TestDocumentStore" name="testSearch" time="0.026"/>
  <testcase classname="ch.pschatzmann.news.test.TestDocumentStore" name="testTicker" time="0.687">
    <failure message="expected:&lt;[text in ](&apos;MSFT&apos;, &apos;Microsoft ...&gt; but was:&lt;[content_t:](&apos;MSFT&apos;, &apos;Microsoft ...&gt;" type="org.junit.ComparisonFailure">org.junit.ComparisonFailure: expected:&lt;[text in ](&apos;MSFT&apos;, &apos;Microsoft ...&gt; but was:&lt;[content_t:](&apos;MSFT&apos;, &apos;Microsoft ...&gt;
	at org.junit.Assert.assertEquals(Assert.java:115)
	at org.junit.Assert.assertEquals(Assert.java:144)
	at ch.pschatzmann.news.test.TestDocumentStore.testTicker(TestDocumentStore.java:91)
	at sun.reflect.NativeMethodAccessorImpl.invoke0(Native Method)
	at sun.reflect.NativeMethodAccessorImpl.invoke(NativeMethodAccessorImpl.java:62)
	at sun.reflect.DelegatingMethodAccessorImpl.invoke(DelegatingMethodAccessorImpl.java:43)
	at java.lang.reflect.Method.invoke(Method.java:498)
	at org.junit.runners.model.FrameworkMethod$1.runReflectiveCall(FrameworkMethod.java:50)
	at org.junit.internal.runners.model.ReflectiveCallable.run(ReflectiveCallable.java:12)
	at org.junit.runners.model.FrameworkMethod.invokeExplosively(FrameworkMethod.java:47)
	at org.junit.internal.runners.statements.InvokeMethod.evaluate(InvokeMethod.java:17)
	at org.junit.runners.ParentRunner.runLeaf(ParentRunner.java:325)
	at org.junit.runners.BlockJUnit4ClassRunner.runChild(BlockJUnit4ClassRunner.java:78)
	at org.junit.runners.BlockJUnit4ClassRunner.runChild(BlockJUnit4ClassRunner.java:57)
	at org.junit.runners.ParentRunner$3.run(ParentRunner.java:290)
	at org.junit.runners.ParentRunner$1.schedule(ParentRunner.java:71)
	at org.junit.runners.ParentRunner.runChildren(ParentRunner.java:288)
	at org.junit.runners.ParentRunner.access$000(ParentRunner.java:58)
	at org.junit.runners.ParentRunner$2.evaluate(ParentRunner.java:268)
	at org.junit.runners.ParentRunner.run(ParentRunner.java:363)
	at org.apache.maven.surefire.junit4.JUnit4Provider.execute(JUnit4Provider.java:252)
	at org.apache.maven.surefire.junit4.JUnit4Provider.executeTestSet(JUnit4Provider.java:141)
	at org.apache.maven.surefire.junit4.JUnit4Provider.invoke(JUnit4Provider.java:112)
	at sun.reflect.NativeMethodAccessorImpl.invoke0(Native Method)
	at sun.reflect.NativeMethodAccessorImpl.invoke(NativeMethodAccessorImpl.java:62)
	at sun.reflect.DelegatingMethodAccessorImpl.invoke(DelegatingMethodAccessorImpl.java:43)
	at java.lang.reflect.Method.invoke(Method.java:498)
	at org.apache.maven.surefire.util.ReflectionUtils.invokeMethodWithArray(ReflectionUtils.java:189)
	at org.apache.maven.surefire.booter.ProviderFactory$ProviderProxy.invoke(ProviderFactory.java:165)
	at org.apache.maven.surefire.booter.ProviderFactory.invokeProvider(ProviderFactory.java:85)
	at org.apache.maven.surefire.booter.ForkedBooter.runSuitesInProcess(ForkedBooter.java:115)
	at org.apache.maven.surefire.booter.ForkedBooter.main(ForkedBooter.java:75)
</failure>
    <system-out>2018-12-05 00:12:12 INFO  QuotesRequest:66 - Sending request: https://query1.finance.yahoo.com/v7/finance/quote?symbols=MSFT
{q=content_t:(&apos;MSFT&apos;, &apos;Microsoft Corporation&apos;)}
</system-out>
  </testcase>
</testsuite>